0 info it worked if it ends with ok
1 verbose cli [ '/usr/bin/nodejs', '/usr/bin/npm', 'link', 'log' ]
2 info using npm@1.3.10
3 info using node@v0.10.25
4 warn invalid symbolic link log
5 info /home/jerry/rp/newstart/log/node_modules/log unbuild
6 verbose link symlinking /usr/local/lib/node_modules/log to /home/jerry/rp/newstart/log/node_modules/log
7 error Error: ENOENT, stat '/usr/local/lib/node_modules/log'
8 error If you need help, you may report this log at:
8 error     <http://github.com/isaacs/npm/issues>
8 error or email it to:
8 error     <npm-@googlegroups.com>
9 error System Linux 3.13.0-24-generic
10 error command "/usr/bin/nodejs" "/usr/bin/npm" "link" "log"
11 error cwd /home/jerry/rp/newstart/log
12 error node -v v0.10.25
13 error npm -v 1.3.10
14 error path /usr/local/lib/node_modules/log
15 error code ENOENT
16 error errno 34
17 verbose exit [ 34, true ]
